JvmtiExport can_access_local_variables 0
JvmtiExport can_hotswap_or_post_breakpoint 0
JvmtiExport can_post_on_exceptions 0
# 290 ciObject found
ciMethod java/lang/Object <init> ()V 4097 1 2055276 0 -1
ciMethod java/util/AbstractCollection <init> ()V 417 1 230792 0 -1
ciMethodData java/lang/Object <init> ()V 2 2055278 orig 264 8 30 104 101 0 0 0 0 128 4 188 6 0 0 0 0 32 1 0 0 0 0 0 0 0 0 0 0 0 0 0 0 0 0 0 0 0 0 0 0 0 0 0 0 0 0 0 0 0 0 0 0 0 0 0 0 0 0 0 0 0 0 0 0 0 0 0 0 0 0 0 0 0 0 0 0 0 0 0 0 77 68 79 32 101 120 116 114 97 32 100 97 116 97 32 108 111 99 107 0 0 0 0 0 0 0 0 0 0 0 0 0 0 0 0 0 0 0 0 0 0 0 0 0 0 0 0 0 0 0 0 0 0 0 0 0 0 0 0 0 0 0 0 0 0 0 0 0 0 0 0 0 0 0 0 0 0 0 0 0 0 0 0 0 0 0 0 0 0 0 0 0 0 0 0 0 0 0 0 0 0 0 0 0 1 0 0 0 0 0 0 0 1 0 0 0 0 0 0 0 1 0 0 0 0 0 0 0 0 0 0 0 0 0 0 0 0 2 0 0 113 211 250 0 1 0 0 0 0 0 0 0 0 0 0 0 2 0 0 0 0 0 3 0 1 0 0 0 0 0 0 0 255 255 255 255 0 0 0 0 0 0 0 0 data 0 oops 0
ciMethod java/lang/Enum ordinal ()I 1033 1 129 0 -1
ciMethod java/lang/AssertionError <init> (Ljava/lang/Object;)V 0 0 1 0 -1
ciMethodData java/util/AbstractCollection <init> ()V 2 230792 orig 264 8 30 104 101 0 0 0 0 216 113 200 6 0 0 0 0 48 1 0 0 0 0 0 0 0 0 0 0 0 0 0 0 0 0 0 0 0 0 0 0 0 0 0 0 0 0 0 0 0 0 0 0 0 0 0 0 0 0 0 0 0 0 0 0 0 0 0 0 0 0 0 0 0 0 0 0 0 0 0 0 77 68 79 32 101 120 116 114 97 32 100 97 116 97 32 108 111 99 107 0 0 0 0 0 0 0 0 0 0 0 0 0 0 0 0 0 0 0 0 0 0 0 0 0 0 0 0 0 0 0 0 0 0 0 0 0 0 0 0 0 0 0 0 0 0 0 0 0 0 0 0 0 0 0 0 0 0 0 0 0 0 0 0 0 0 0 0 0 0 0 0 0 0 0 0 0 0 0 0 0 0 0 0 0 0 0 0 0 0 0 0 0 0 0 0 0 0 0 0 0 0 0 0 0 0 0 0 0 0 0 0 0 0 0 0 0 52 0 0 0 161 42 28 0 1 0 0 0 0 0 0 0 0 0 0 0 2 0 0 0 0 0 3 0 2 0 0 0 16 0 0 0 255 255 255 255 2 0 1 0 0 0 0 0 data 2 0x10002 0x38554 oops 0
instanceKlass org/gradle/api/internal/tasks/compile/incremental/IncrementalCompilationFinalizer
instanceKlass org/gradle/api/internal/tasks/compile/incremental/IncrementalCompilationInitializer
instanceKlass org/gradle/api/internal/tasks/compile/incremental/deps/LocalClassSetAnalysisStore
instanceKlass org/gradle/api/internal/cache/Loader
instanceKlass org/gradle/api/internal/tasks/compile/incremental/ClassSetAnalysisUpdater
instanceKlass org/gradle/api/internal/tasks/compile/incremental/RecompilationSpecProvider
instanceKlass org/gradle/api/internal/tasks/compile/incremental/SourceToNameConverter
instanceKlass org/gradle/api/internal/tasks/compile/incremental/IncrementalCompilerDecorator
instanceKlass org/gradle/api/internal/tasks/compile/incremental/CompilationSourceDirs
instanceKlass org/gradle/api/internal/tasks/compile/incremental/jar/ClasspathJarFinder
instanceKlass org/gradle/api/internal/tasks/compile/incremental/jar/JarClasspathSnapshotFactory
instanceKlass org/gradle/api/internal/tasks/compile/incremental/jar/JarClasspathSnapshotDataSerializer
instanceKlass org/gradle/api/internal/cache/SingleOperationPersistentStore
instanceKlass org/gradle/api/internal/tasks/compile/incremental/jar/LocalJarClasspathSnapshotStore
instanceKlass org/gradle/api/internal/tasks/compile/incremental/jar/JarClasspathSnapshotMaker
instanceKlass org/gradle/api/internal/tasks/compile/incremental/jar/JarClasspathSnapshotWriter
instanceKlass org/gradle/api/internal/tasks/compile/incremental/jar/JarClasspathSnapshotProvider
instanceKlass org/gradle/api/internal/tasks/compile/incremental/jar/DefaultJarSnapshotter
instanceKlass org/gradle/api/internal/tasks/compile/incremental/jar/CachingJarSnapshotter
instanceKlass org/gradle/api/internal/tasks/compile/incremental/analyzer/DefaultClassDependenciesAnalyzer
instanceKlass org/gradle/api/internal/tasks/compile/incremental/analyzer/CachingClassDependenciesAnalyzer
instanceKlass org/gradle/api/internal/cache/Stash
instanceKlass org/gradle/api/internal/tasks/compile/incremental/jar/JarSnapshotter
instanceKlass org/gradle/api/internal/tasks/compile/incremental/analyzer/ClassDependenciesAnalyzer
instanceKlass org/gradle/api/internal/tasks/compile/incremental/IncrementalCompilerFactory
instanceKlass org/gradle/api/tasks/compile/JavaCompile$1
instanceKlass org/gradle/api/internal/tasks/compile/incremental/cache/DefaultGeneralCompileCaches
instanceKlass org/gradle/api/internal/tasks/compile/incremental/deps/DependentsSet
instanceKlass org/gradle/api/internal/tasks/compile/incremental/deps/ClassSetAnalysisData$Serializer$DependentsSetSerializer
instanceKlass org/gradle/api/internal/tasks/compile/incremental/deps/ClassSetAnalysisData$Serializer
instanceKlass org/gradle/api/internal/tasks/compile/incremental/jar/JarSnapshotDataSerializer
instanceKlass org/gradle/api/internal/tasks/compile/incremental/jar/DefaultJarSnapshotCache
instanceKlass org/apache/commons/lang/WordUtils
instanceKlass org/gradle/api/internal/tasks/compile/incremental/analyzer/ClassAnalysisSerializer
instanceKlass org/gradle/api/internal/cache/MinimalPersistentCache
instanceKlass com/android/builder/internal/TemplateProcessor
instanceKlass com/android/builder/internal/TestManifestGenerator
instanceKlass com/android/ide/common/res2/DataSet$1
instanceKlass com/android/builder/png/AaptProcess$NotifierProcessOutput
instanceKlass com/google/common/base/MoreObjects$ToStringHelper$ValueHolder
instanceKlass com/google/common/base/MoreObjects$ToStringHelper
instanceKlass com/android/builder/tasks/JobContext
instanceKlass com/android/utils/GrabProcessOutput
instanceKlass com/android/builder/tasks/BooleanLatch
instanceKlass com/android/builder/png/AaptProcess$ProcessOutputFacade
instanceKlass com/android/utils/GrabProcessOutput$IProcessOutput
instanceKlass com/android/builder/png/AaptProcess
instanceKlass com/android/builder/png/AaptProcess$Builder
instanceKlass com/android/ide/common/res2/MergedResourceWriter$$Lambda$178
instanceKlass com/android/builder/internal/aapt/v1/AaptV1$$Lambda$177
instanceKlass com/android/builder/tasks/WorkQueue$QueueTask
instanceKlass com/android/builder/png/QueuedCruncher$2
instanceKlass com/android/ide/common/blame/MergingLogPersistUtil
instanceKlass com/android/utils/XmlUtils$PositionAwareStringBuilder
instanceKlass com/android/ide/common/res2/MergedResourceWriter$PngCrunchRequest
instanceKlass com/android/ide/common/res2/NodeUtils
instanceKlass com/android/ide/common/res2/MergedResourceWriter$$Lambda$176
instanceKlass com/google/common/collect/AbstractMapBasedMultimap$Itr
instanceKlass java/util/concurrent/ConcurrentLinkedDeque$Node
instanceKlass com/android/build/gradle/tasks/MergeResources$$Lambda$175
instanceKlass java/lang/invoke/LambdaForm$DMH
instanceKlass com/android/ide/common/res2/MergeWriter
instanceKlass com/sun/org/apache/xerces/internal/util/NamespaceContextWrapper
instanceKlass com/sun/org/apache/xerces/internal/impl/XMLStreamReaderImpl
instanceKlass javax/xml/stream/XMLStreamReader
instanceKlass javax/xml/stream/XMLStreamConstants
instanceKlass com/sun/org/apache/xerces/internal/impl/PropertyManager
instanceKlass javax/xml/stream/SecuritySupport$1
instanceKlass javax/xml/stream/FactoryFinder$1
instanceKlass javax/xml/stream/SecuritySupport$5
instanceKlass javax/xml/stream/SecuritySupport$2
instanceKlass javax/xml/stream/SecuritySupport
instanceKlass javax/xml/stream/FactoryFinder
instanceKlass javax/xml/stream/XMLInputFactory
instanceKlass com/android/ide/common/res2/ValueResourceNameValidator
instanceKlass com/android/ide/common/res2/ValueResourceParser2
instanceKlass com/android/layoutlib/api/IDensityBasedResourceValue
instanceKlass com/android/layoutlib/api/IStyleResourceValue
instanceKlass com/android/ide/common/rendering/api/ResourceReference
instanceKlass com/android/layoutlib/api/IResourceValue
instanceKlass com/android/ide/common/res2/FileResourceNameValidator
instanceKlass com/android/resources/FolderTypeRelationship
instanceKlass com/android/ide/common/resources/configuration/FolderConfiguration
instanceKlass com/android/ide/common/res2/ResourceSet$FolderData
instanceKlass com/android/ide/common/res2/DataItem
instanceKlass com/android/ide/common/resources/configuration/Configurable
instanceKlass com/android/ide/common/res2/DataMerger
instanceKlass com/android/ide/common/resources/configuration/ResourceQualifier
instanceKlass java/awt/image/RenderedImage
instanceKlass com/android/builder/png/VectorDrawableRenderer
instanceKlass com/android/build/gradle/tasks/MergeResources$$Lambda$174
instanceKlass com/squareup/javawriter/JavaWriter
instanceKlass com/android/builder/internal/ClassFieldImpl
instanceKlass com/android/builder/compiling/BuildConfigGenerator
instanceKlass com/android/builder/internal/compiler/FileGatherer
instanceKlass com/android/builder/internal/compiler/RenderScriptProcessor$Abi
instanceKlass com/android/builder/internal/compiler/RenderScriptProcessor
instanceKlass com/android/builder/internal/compiler/LeafFolderGatherer
instanceKlass com/android/builder/internal/incremental/DependencyDataStore
instanceKlass java/util/concurrent/ExecutorCompletionService
instanceKlass java/util/concurrent/CompletionService
instanceKlass com/android/ide/common/internal/WaitableExecutor
instanceKlass com/android/builder/internal/compiler/SourceSearcher
instanceKlass com/android/builder/internal/compiler/AidlProcessor
instanceKlass com/android/build/gradle/tasks/AidlCompile$DepFileProcessor
instanceKlass sun/nio/fs/WindowsPath$1
instanceKlass com/google/common/collect/AbstractMapBasedMultimap$KeySet$1
instanceKlass org/gradle/api/internal/ChainingTransformer
instanceKlass org/gradle/api/internal/file/copy/FilterChain
instanceKlass java/util/Collections$3
instanceKlass org/apache/tools/zip/ZipEightByteInteger
instanceKlass org/apache/tools/zip/Zip64ExtendedInformationExtraField
instanceKlass org/apache/tools/zip/JarMarker
instanceKlass org/apache/tools/zip/AsiExtraField
instanceKlass org/apache/tools/zip/UnixStat
instanceKlass org/apache/tools/zip/ExtraFieldUtils
instanceKlass org/apache/tools/zip/ExtraFieldUtils$UnparseableExtraField
instanceKlass org/apache/tools/zip/AbstractUnicodeExtraField
instanceKlass org/apache/tools/zip/ZipUtil
instanceKlass org/apache/tools/zip/ZipShort
instanceKlass org/apache/tools/zip/GeneralPurposeBit
instanceKlass org/apache/tools/zip/UnparseableExtraFieldData
instanceKlass org/apache/tools/zip/CentralDirectoryParsingZipExtraField
instanceKlass org/apache/tools/zip/ZipFile$OffsetEntry
instanceKlass org/apache/tools/zip/FallbackZipEncoding
instanceKlass org/apache/tools/zip/ZipEncodingHelper$SimpleEncodingHolder
instanceKlass org/apache/tools/zip/ZipEncoding
instanceKlass org/apache/tools/zip/ZipEncodingHelper
instanceKlass org/apache/tools/zip/ZipFile$2
instanceKlass org/apache/tools/zip/ZipLong
instanceKlass org/apache/tools/zip/ZipExtraField
instanceKlass org/apache/tools/zip/ZipFile
instanceKlass org/gradle/api/internal/file/AbstractFileTree$FilteredFileTreeImpl$1
instanceKlass org/gradle/api/internal/file/copy/CopyFileVisitorImpl
instanceKlass org/gradle/api/internal/file/copy/CopySpecActionImpl
instanceKlass org/gradle/api/internal/file/copy/DuplicateHandlingCopyActionDecorator$1$1
instanceKlass org/gradle/api/internal/file/copy/NormalizingCopyActionDecorator$1$1
instanceKlass org/gradle/api/internal/file/copy/FileCopyAction$FileCopyDetailsInternalAction
instanceKlass org/gradle/api/internal/file/copy/FileCopyDetailsInternal
instanceKlass org/gradle/api/internal/file/copy/NormalizingCopyActionDecorator$1
instanceKlass org/gradle/api/internal/file/copy/DuplicateHandlingCopyActionDecorator$1
instanceKlass org/gradle/api/internal/file/copy/CopySpecBackedCopyActionProcessingStream
instanceKlass org/gradle/api/internal/file/copy/NormalizingCopyActionDecorator
instanceKlass org/gradle/api/internal/file/copy/DuplicateHandlingCopyActionDecorator
instanceKlass org/gradle/api/internal/file/copy/CopyActionProcessingStream
instanceKlass org/gradle/api/internal/file/copy/CopyActionExecuter
instanceKlass org/gradle/api/internal/file/CopyActionProcessingStreamAction
instanceKlass org/gradle/api/internal/file/copy/FileCopyAction
instanceKlass org/gradle/api/internal/file/copy/MatchingCopyAction
instanceKlass com/android/build/gradle/internal/LibraryCache$1$1
instanceKlass org/gradle/api/internal/file/archive/ZipFileTree
instanceKlass org/gradle/api/internal/file/collections/FileSystemMirroringFileTree
instanceKlass org/gradle/api/internal/file/copy/CopySpecWrapper
instanceKlass com/google/common/collect/TreeTraverser$PostOrderNode
instanceKlass org/gradle/api/internal/changedetection/rules/FileChange
instanceKlass org/gradle/api/internal/file/delete/DefaultDeleteSpec
instanceKlass org/gradle/api/tasks/Delete$1
instanceKlass com/google/common/collect/SortedIterables
instanceKlass com/android/builder/internal/compiler/DxDexKey$$Lambda$173
instanceKlass com/android/builder/internal/compiler/PreProcessCache$KeyFactory
instanceKlass java/lang/invoke/LambdaForm$DMH
instanceKlass com/android/builder/internal/compiler/PreProcessCache$StoredItem
instanceKlass com/android/build/gradle/internal/transforms/InstantRunTransform$$Lambda$172
instanceKlass com/google/common/base/Verify
instanceKlass java/util/stream/StreamSpliterators$WrappingSpliterator$$Lambda$171
instanceKlass java/lang/invoke/LambdaForm$DMH
instanceKlass java/util/stream/StreamSpliterators$AbstractWrappingSpliterator
instanceKlass java/util/stream/AbstractPipeline$$Lambda$170
instanceKlass com/android/build/gradle/internal/pipeline/TransformTask$$Lambda$169
instanceKlass com/android/build/api/transform/SecondaryFile
instanceKlass java/util/stream/Streams$2
instanceKlass java/util/stream/Streams
instanceKlass java/util/stream/Streams$ConcatSpliterator
instanceKlass com/android/build/gradle/internal/pipeline/QualifiedContentImpl
instanceKlass com/android/build/api/transform/DirectoryInput
instanceKlass com/android/build/gradle/internal/pipeline/IntermediateFolderUtils$$Lambda$168
instanceKlass com/android/build/gradle/internal/pipeline/IntermediateFolderUtils$$Lambda$167
instanceKlass com/android/build/gradle/internal/pipeline/IntermediateFolderUtils$$Lambda$166
instanceKlass com/android/build/gradle/internal/pipeline/IntermediateFolderUtils$2
instanceKlass com/android/build/gradle/internal/pipeline/ImmutableTransformInput
instanceKlass com/android/build/gradle/internal/pipeline/IntermediateFolderUtils$InputGenerator
instanceKlass com/android/build/gradle/internal/pipeline/IntermediateFolderUtils
instanceKlass org/gradle/language/base/plugins/LifecycleBasePlugin$1$1
instanceKlass com/android/build/gradle/tasks/PackageApplication$InstantRunResourcesConfigAction$$Lambda$165
instanceKlass com/android/build/gradle/tasks/PreColdSwapTask$ConfigAction
instanceKlass com/android/build/gradle/internal/incremental/InstantRunPatchingPolicy$1
instanceKlass com/android/build/gradle/tasks/fd/GenerateInstantRunAppInfoTask$ConfigAction$$Lambda$164
instanceKlass com/android/build/gradle/tasks/fd/GenerateInstantRunAppInfoTask$ConfigAction
instanceKlass com/android/build/gradle/tasks/fd/FastDeployRuntimeExtractorTask$ConfigAction
instanceKlass com/android/build/gradle/tasks/CheckManifestInInstantRunMode$ConfigAction$$Lambda$163
instanceKlass com/android/build/gradle/tasks/CheckManifestInInstantRunMode$ConfigAction$$Lambda$162
instanceKlass com/android/build/gradle/tasks/CheckManifestInInstantRunMode$ConfigAction
instanceKlass com/android/build/gradle/internal/incremental/InstantRunVerifier$ClassBytesProvider
instanceKlass com/android/build/gradle/internal/incremental/InstantRunWrapperTask$ConfigAction
instanceKlass com/android/build/gradle/internal/incremental/BuildInfoLoaderTask$ConfigAction
instanceKlass com/android/build/gradle/internal/TaskManager$5
instanceKlass com/android/build/gradle/internal/TaskManager$4
instanceKlass com/android/build/gradle/internal/TaskManager$$Lambda$161
instanceKlass com/android/build/gradle/internal/InstantRunTaskManager
instanceKlass com/android/build/gradle/internal/incremental/InstantRunAnchorTaskConfigAction
instanceKlass org/gradle/launcher/daemon/server/DaemonRegistryUnavailableExpirationStrategy$1
instanceKlass org/gradle/cache/internal/SimpleStateCache$1
instanceKlass org/gradle/launcher/daemon/server/DaemonExpirationResult
instanceKlass org/gradle/internal/remote/internal/inet/SocketConnection$1
instanceKlass org/gradle/launcher/daemon/registry/PersistentDaemonRegistry$3
instanceKlass org/gradle/cache/internal/DefaultMultiProcessSafePersistentIndexedCache$4
instanceKlass org/apache/tools/ant/IntrospectionHelper$NestedCreator
instanceKlass org/apache/tools/ant/IntrospectionHelper$AttributeSetter
instanceKlass org/apache/tools/ant/IntrospectionHelper
instanceKlass org/gradle/tooling/internal/provider/SerializedPayload
instanceKlass org/gradle/tooling/internal/provider/DefaultPayloadClassLoaderRegistry$1
instanceKlass org/gradle/tooling/internal/provider/BuildActionResult
instanceKlass org/gradle/tooling/internal/provider/jdk6/Jdk6ClassLookup
instanceKlass org/gradle/tooling/internal/provider/DefaultPayloadClassLoaderRegistry$DetailsToClassLoaderTransformer
instanceKlass org/gradle/tooling/internal/provider/DefaultPayloadClassLoaderRegistry$ClassLoaderToDetailsTransformer
instanceKlass org/gradle/tooling/internal/provider/SerializeMap
instanceKlass org/gradle/tooling/internal/provider/DeserializeMap
instanceKlass org/gradle/tooling/internal/provider/DefaultPayloadClassLoaderRegistry
instanceKlass org/gradle/tooling/internal/provider/ModelClassLoaderFactory
instanceKlass org/gradle/tooling/internal/provider/DaemonSidePayloadClassLoaderFactory
instanceKlass com/android/dx/rop/code/RegisterSpec
instanceKlass com/android/dx/rop/type/TypeBearer
instanceKlass com/android/dx/util/ToHuman
instanceKlass com/android/dx/rop/type/Prototype
instanceKlass com/android/dx/cf/direct/ClassPathOpener$Consumer
instanceKlass com/android/dx/cf/direct/ClassPathOpener$FileNameFilter
instanceKlass com/android/dx/cf/direct/AttributeFactory
instanceKlass com/android/dx/command/dexer/Main
instanceKlass com/android/builder/internal/compiler/PreProcessCache$Key
instanceKlass com/android/builder/internal/compiler/PreProcessCache$BaseItem
instanceKlass com/android/builder/internal/compiler/PreProcessCache
instanceKlass com/android/ide/common/internal/ExecutorSingleton
instanceKlass com/google/protobuf/ByteString$CodedBuilder
instanceKlass com/google/protobuf/WireFormat
instanceKlass com/google/protobuf/CodedOutputStream
instanceKlass com/google/wireless/android/play/playlog/proto/ClientAnalytics$LogEventKeyValuesOrBuilder
instanceKlass com/google/wireless/android/play/playlog/proto/ClientAnalytics$NetworkConnectionInfo$NetworkType$1
instanceKlass com/google/wireless/android/play/playlog/proto/ClientAnalytics$LogEvent$InternalEvent$1
instanceKlass com/google/protobuf/LazyStringList
instanceKlass com/google/protobuf/ByteString$ByteIterator
instanceKlass com/google/protobuf/ByteString
instanceKlass com/google/protobuf/SmallSortedMap$EmptySet$2
instanceKlass com/google/protobuf/SmallSortedMap$EmptySet$1
instanceKlass com/google/protobuf/SmallSortedMap$EmptySet
instanceKlass com/google/protobuf/FieldSet
instanceKlass com/google/wireless/android/play/playlog/proto/ClientAnalytics$ActiveExperimentsOrBuilder
instanceKlass com/google/wireless/android/play/playlog/proto/ClientAnalytics$ExperimentIdsOrBuilder
instanceKlass com/google/wireless/android/play/playlog/proto/ClientAnalytics$AppUsage1pLogEventOrBuilder
instanceKlass com/google/wireless/android/play/playlog/proto/ClientAnalytics$NetworkConnectionInfoOrBuilder
instanceKlass com/google/wireless/android/play/playlog/proto/ClientAnalytics$LogEventOrBuilder
instanceKlass com/google/protobuf/GeneratedMessage$ExtendableMessageOrBuilder
instanceKlass com/google/wireless/android/sdk/stats/AndroidStudioStats$JvmDetails$GarbageCollector$1
instanceKlass com/google/wireless/android/sdk/stats/AndroidStudioStats$UIActionStats$InvocationKind$1
instanceKlass com/google/wireless/android/sdk/stats/AndroidStudioStats$Hypervisor$HyperVState$1
instanceKlass com/google/wireless/android/sdk/stats/AndroidStudioStats$EmulatorUiEvent$EmulatorUiEventContext$1
instanceKlass com/google/wireless/android/sdk/stats/AndroidStudioStats$EmulatorUiEvent$EmulatorUiEventType$1
instanceKlass com/google/wireless/android/sdk/stats/AndroidStudioStats$TestRun$TestKind$1
instanceKlass com/google/wireless/android/sdk/stats/AndroidStudioStats$TestRun$TestInvocationType$1
instanceKlass com/google/wireless/android/sdk/stats/AndroidStudioStats$TestLibrariesOrBuilder
instanceKlass com/google/wireless/android/sdk/stats/AndroidStudioStats$EmulatorDetails$EmulatorSessionPhase$1
instanceKlass com/google/wireless/android/sdk/stats/AndroidStudioStats$EmulatorDetails$EmulatorAdbLiveness$1
instanceKlass com/google/wireless/android/sdk/stats/AndroidStudioStats$EmulatorDetails$GuestCpuArchitecture$1
instanceKlass com/google/wireless/android/sdk/stats/AndroidStudioStats$EmulatorGuestGlInfoOrBuilder
instanceKlass com/google/wireless/android/sdk/stats/AndroidStudioStats$InstantRun$InstantRunIdeBuildCause$1
instanceKlass com/google/wireless/android/sdk/stats/AndroidStudioStats$InstantRun$InstantRunBuildCause$1
instanceKlass com/google/wireless/android/sdk/stats/AndroidStudioStats$InstantRun$InstantRunDeploymentKind$1
instanceKlass com/google/wireless/android/sdk/stats/AndroidStudioStats$AndroidStudioEvent$TemplateRenderer$1
instanceKlass com/google/wireless/android/sdk/stats/AndroidStudioStats$AndroidStudioEvent$GradleSyncFailure$1
instanceKlass com/google/wireless/android/sdk/stats/AndroidStudioStats$AndroidStudioEvent$DeveloperServiceKind$1
instanceKlass com/google/wireless/android/sdk/stats/AndroidStudioStats$DeviceInfo$DeviceType$1
instanceKlass com/google/wireless/android/sdk/stats/AndroidStudioStats$DeviceInfo$ApplicationBinaryInterface$1
instanceKlass com/google/wireless/android/sdk/stats/AndroidStudioStats$AndroidStudioEvent$DebuggerType$1
instanceKlass com/google/wireless/android/sdk/stats/AndroidStudioStats$AndroidStudioEvent$RunConfigurationType$1
instanceKlass com/google/wireless/android/sdk/stats/AndroidStudioStats$AndroidStudioEvent$ProfilerCaptureType$1
instanceKlass com/google/wireless/android/sdk/stats/AndroidStudioStats$AndroidStudioEvent$MonitorType$1
instanceKlass com/google/wireless/android/sdk/stats/AndroidStudioStats$ProductDetails$SoftwareLifeCycleChannel$1
instanceKlass com/google/wireless/android/sdk/stats/AndroidStudioStats$ProductDetails$CpuArchitecture$1
instanceKlass com/google/wireless/android/sdk/stats/AndroidStudioStats$ProductDetails$ProductKind$1
instanceKlass com/google/wireless/android/sdk/stats/AndroidStudioStats$AndroidStudioEvent$EventKind$1
instanceKlass com/google/wireless/android/sdk/stats/AndroidStudioStats$AndroidStudioEvent$EventCategory$1
instanceKlass com/google/wireless/android/sdk/stats/AndroidStudioStats$EmulatorHostOrBuilder
instanceKlass com/google/wireless/android/sdk/stats/AndroidStudioStats$HypervisorOrBuilder
instanceKlass com/google/wireless/android/sdk/stats/AndroidStudioStats$EmulatorUiEventOrBuilder
instanceKlass com/google/wireless/android/sdk/stats/AndroidStudioStats$TestRunOrBuilder
instanceKlass com/google/wireless/android/sdk/stats/AndroidStudioStats$EmulatorDetailsOrBuilder
instanceKlass com/google/wireless/android/sdk/stats/AndroidStudioStats$MetaMetricsOrBuilder
instanceKlass com/google/wireless/android/sdk/stats/AndroidStudioStats$InstantRunOrBuilder
instanceKlass com/google/wireless/android/sdk/stats/AndroidStudioStats$GradleBuildDetailsOrBuilder
instanceKlass com/google/wireless/android/sdk/stats/AndroidStudioStats$StudioCrashOrBuilder
instanceKlass com/google/wireless/android/sdk/stats/AndroidStudioStats$DeviceInfoOrBuilder
instanceKlass com/google/wireless/android/sdk/stats/AndroidStudioStats$ProductDetailsOrBuilder
instanceKlass com/google/wireless/android/sdk/stats/AndroidStudioStats$AndroidStudioEventOrBuilder
instanceKlass com/google/common/cache/LocalCache$WriteThroughEntry
instanceKlass com/google/common/cache/LocalCache$HashIterator
instanceKlass org/gradle/internal/logging/text/AbstractStyledTextOutput$StyleOverrideTextOutput
instanceKlass com/sun/tools/javac/tree/TreeMaker$1
instanceKlass com/sun/tools/javac/code/Types$TypePair
instanceKlass com/sun/tools/javac/code/Flags
instanceKlass com/sun/tools/javac/code/Symbol$VarSymbol$2
instanceKlass org/gradle/api/internal/tasks/SimpleWorkResult
instanceKlass java/util/WeakHashMap$HashIterator
instanceKlass com/sun/tools/javac/jvm/ClassFile$NameAndType
instanceKlass com/sun/tools/javac/jvm/ClassWriter$1
instanceKlass javax/tools/StandardLocation$2
instanceKlass com/sun/tools/javac/code/Types$UniqueType
instanceKlass com/sun/tools/javac/model/FilteredMemberList$1
instanceKlass com/sun/tools/javac/jvm/Code$LocalVar$Range
instanceKlass com/sun/tools/javac/jvm/Items
instanceKlass com/sun/tools/javac/jvm/Code$LocalVar
instanceKlass com/sun/tools/javac/jvm/Code$State
instanceKlass com/sun/tools/javac/jvm/Code$1
instanceKlass com/sun/tools/javac/jvm/Code
instanceKlass com/sun/tools/javac/jvm/Gen$GenContext
instanceKlass com/sun/tools/javac/jvm/Gen$3
instanceKlass com/sun/tools/javac/comp/Lower$7
instanceKlass com/sun/tools/javac/code/Types$ImplementationCache$Entry
instanceKlass com/sun/tools/javac/comp/Flow$2
instanceKlass com/sun/tools/javac/util/Bits$1
instanceKlass com/sun/tools/javac/util/Bits
instanceKlass com/sun/tools/javac/comp/Flow$BaseAnalyzer$PendingExit
instanceKlass com/sun/tools/javac/comp/Resolve$MostSpecificCheck
instanceKlass com/sun/tools/javac/comp/Resolve$MethodCheckContext
instanceKlass com/sun/tools/javac/comp/Resolve$MethodResolutionContext$Candidate
instanceKlass com/sun/tools/javac/comp/Resolve$LookupFilter
instanceKlass com/sun/tools/javac/comp/Resolve$5$1
instanceKlass com/sun/tools/javac/comp/Resolve$5
instanceKlass com/sun/tools/javac/comp/Resolve$MethodResolutionContext
instanceKlass com/sun/tools/javac/code/Scope$4$1
instanceKlass com/sun/tools/javac/code/Scope$4
instanceKlass com/sun/tools/javac/code/Scope$CompoundScope$CompoundScopeIterator
instanceKlass com/sun/tools/javac/code/Scope$CompoundScope$2
instanceKlass com/sun/tools/javac/comp/Check$ClashFilter
instanceKlass com/sun/tools/javac/main/JavaCompiler$2
instanceKlass com/sun/tools/javac/comp/Annotate$AnnotateRepeatedContext
instanceKlass com/sun/tools/javac/code/Types$27
instanceKlass com/sun/tools/javac/comp/MemberEnter$6
instanceKlass com/sun/tools/javac/comp/MemberEnter$5
instanceKlass com/sun/tools/javac/code/SymbolMetadata
instanceKlass com/sun/tools/javac/comp/MemberEnter$2
instanceKlass com/sun/tools/javac/comp/MemberEnter$1
instanceKlass com/sun/tools/javac/code/Scope$1
instanceKlass com/sun/tools/javac/jvm/ClassReader$AnnotationDeproxy
instanceKlass com/sun/tools/javac/jvm/ClassReader$ProxyVisitor
instanceKlass com/sun/tools/javac/util/Pair
instanceKlass com/sun/tools/javac/comp/Attr$15
instanceKlass com/sun/tools/javac/comp/AttrContext
instanceKlass com/sun/tools/javac/jvm/ClassReader$25
instanceKlass com/sun/tools/javac/file/ZipFileIndex$Entry
instanceKlass com/sun/tools/javac/file/ZipFileIndex$DirectoryEntry
instanceKlass com/sun/tools/javac/file/ZipFileIndex$ZipDirectory
instanceKlass com/sun/tools/javac/file/ZipFileIndex
instanceKlass com/sun/tools/javac/file/ZipFileIndexArchive
instanceKlass com/sun/tools/javac/util/Position$LineMapImpl
instanceKlass com/sun/tools/javac/util/Position$LineMap
instanceKlass com/sun/tools/javac/util/Position
instanceKlass com/sun/tools/javac/tree/TreeInfo$2
instanceKlass com/sun/tools/javac/parser/JavacParser$2
instanceKlass com/sun/tools/javac/parser/JavaTokenizer$BasicComment
instanceKlass com/sun/tools/javac/parser/JavaTokenizer$1
instanceKlass com/sun/tools/javac/util/ArrayUtils
instanceKlass com/sun/tools/javac/parser/JavacParser$1
instanceKlass com/sun/tools/javac/tree/DocCommentTable
instanceKlass com/sun/tools/javac/parser/JavacParser$AbstractEndPosTable
instanceKlass com/sun/tools/javac/tree/EndPosTable
instanceKlass com/sun/tools/javac/parser/JavacParser$ErrorRecoveryAction
instanceKlass com/sun/tools/javac/parser/JavacParser
instanceKlass com/sun/tools/javac/parser/UnicodeReader
instanceKlass sun/misc/FloatingDecimal$HexFloatPattern
instanceKlass com/sun/tools/javac/parser/Tokens$Comment
instanceKlass com/sun/tools/javac/parser/Scanner
instanceKlass com/sun/source/tree/LineMap
instanceKlass com/sun/tools/javac/util/BaseFileManager$ContentCacheEntry
instanceKlass com/sun/tools/javac/util/DiagnosticSource
instanceKlass com/sun/tools/javac/processing/JavacProcessingEnvironment$DiscoveredProcessors$ProcessorStateIterator
instanceKlass com/sun/tools/javac/processing/JavacProcessingEnvironment$DiscoveredProcessors
instanceKlass com/sun/tools/javac/util/ServiceLoader$1
instanceKlass com/sun/tools/javac/util/ServiceLoader$LazyIterator
instanceKlass com/sun/tools/javac/util/ServiceLoader
instanceKlass javax/annotation/processing/Processor
instanceKlass com/sun/tools/javac/processing/JavacProcessingEnvironment$ServiceIterator
instanceKlass com/sun/tools/javac/model/JavacTypes
instanceKlass com/sun/tools/javac/model/JavacElements
instanceKlass com/sun/tools/javac/processing/JavacMessager
instanceKlass com/sun/tools/javac/processing/JavacFiler
instanceKlass javax/annotation/processing/RoundEnvironment
instanceKlass javax/annotation/processing/Filer
instanceKlass javax/annotation/processing/Messager
instanceKlass com/sun/tools/javac/processing/JavacProcessingEnvironment
instanceKlass com/sun/tools/javac/util/ForwardingDiagnosticFormatter$ForwardingConfiguration
instanceKlass com/sun/tools/javac/code/Types$DefaultSymbolVisitor
instanceKlass com/sun/tools/javac/util/ForwardingDiagnosticFormatter
instanceKlass com/sun/tools/javac/util/StringUtils
instanceKlass com/sun/tools/javac/file/Locations$1
instanceKlass com/sun/tools/javac/util/ListBuffer$1
instanceKlass com/sun/tools/javac/api/MultiTaskListener
instanceKlass com/sun/tools/javac/comp/TransTypes$1
instanceKlass com/sun/tools/javac/jvm/Pool
instanceKlass com/sun/tools/javac/comp/Lower$TreeBuilder
instanceKlass com/sun/tools/javac/jvm/Items$Item
instanceKlass com/sun/tools/javac/jvm/Gen$GenFinalizer
instanceKlass com/sun/tools/javac/parser/JavaTokenizer
instanceKlass com/sun/tools/javac/parser/ScannerFactory
instanceKlass com/sun/tools/javac/parser/Tokens$Token
instanceKlass com/sun/tools/javac/parser/Tokens
instanceKlass com/sun/tools/javac/tree/DocTreeMaker
instanceKlass com/sun/tools/javac/parser/Lexer
instanceKlass com/sun/tools/javac/parser/ParserFactory
instanceKlass com/sun/tools/javac/jvm/JNIWriter
instanceKlass com/sun/tools/javac/code/Types$SignatureGenerator
instanceKlass com/sun/tools/javac/jvm/ClassWriter$AttributeWriter
instanceKlass com/sun/tools/javac/util/ByteBuffer
instanceKlass com/sun/tools/javac/jvm/ClassFile
instanceKlass com/sun/tools/javac/jvm/ClassReader$AttributeReader
instanceKlass com/sun/tools/javac/util/MandatoryWarningHandler
instanceKlass com/sun/tools/javac/tree/TreeInfo
instanceKlass com/sun/tools/javac/comp/DeferredAttr$4
instanceKlass com/sun/tools/javac/comp/DeferredAttr$3
instanceKlass com/sun/tools/javac/comp/DeferredAttr$2
instanceKlass com/sun/tools/javac/comp/DeferredAttr$DeferredAttrContext
instanceKlass com/sun/tools/javac/comp/DeferredAttr$DeferredStuckPolicy
instanceKlass com/sun/tools/javac/comp/DeferredAttr$DeferredTypeCompleter
instanceKlass com/sun/tools/javac/comp/Infer$GraphStrategy
instanceKlass com/sun/tools/javac/comp/Infer$InferenceContext
instanceKlass javax/lang/model/element/TypeParameterElement
instanceKlass com/sun/tools/javac/comp/Infer
instanceKlass com/sun/tools/javac/code/DeferredLintHandler$1
instanceKlass com/sun/tools/javac/code/DeferredLintHandler
instanceKlass com/sun/tools/javac/code/TypeAnnotations
instanceKlass com/sun/tools/javac/comp/TypeEnvs
instanceKlass com/sun/tools/javac/comp/ConstFold
instanceKlass javax/lang/model/element/AnnotationMirror
instanceKlass com/sun/tools/javac/comp/Annotate
instanceKlass com/sun/tools/javac/tree/TreeMaker$AnnotationBuilder
instanceKlass com/sun/tools/javac/tree/TreeMaker
instanceKlass com/sun/tools/javac/tree/JCTree$Factory
instanceKlass com/sun/tools/javac/comp/Env
instanceKlass com/sun/tools/javac/comp/Flow
instanceKlass com/sun/source/util/SimpleTreeVisitor
instanceKlass com/sun/tools/javac/comp/Attr$14
instanceKlass javax/lang/model/type/UnionType
instanceKlass com/sun/tools/javac/comp/Check$NestedCheckContext
instanceKlass com/sun/source/tree/IntersectionTypeTree
instanceKlass com/sun/source/tree/UnionTypeTree
instanceKlass com/sun/source/tree/ParameterizedTypeTree
instanceKlass com/sun/source/tree/ArrayTypeTree
instanceKlass com/sun/source/tree/PrimitiveTypeTree
instanceKlass com/sun/source/tree/MemberReferenceTree
instanceKlass com/sun/source/tree/ArrayAccessTree
instanceKlass com/sun/source/tree/InstanceOfTree
instanceKlass com/sun/source/tree/CompoundAssignmentTree
instanceKlass com/sun/source/tree/AssignmentTree
instanceKlass com/sun/source/tree/ParenthesizedTree
instanceKlass com/sun/source/tree/LambdaExpressionTree
instanceKlass com/sun/source/tree/MethodInvocationTree
instanceKlass com/sun/source/tree/ExpressionStatementTree
instanceKlass com/sun/source/tree/ConditionalExpressionTree
instanceKlass com/sun/source/tree/LabeledStatementTree
instanceKlass com/sun/source/tree/EnhancedForLoopTree
instanceKlass com/sun/source/tree/TypeParameterTree
instanceKlass com/sun/source/tree/SynchronizedTree
instanceKlass com/sun/source/tree/AnnotatedTypeTree
instanceKlass com/sun/source/tree/DoWhileLoopTree
instanceKlass com/sun/source/tree/EmptyStatementTree
instanceKlass com/sun/source/tree/VariableTree
instanceKlass com/sun/source/tree/ErroneousTree
instanceKlass com/sun/source/tree/ModifiersTree
instanceKlass com/sun/source/tree/LiteralTree
instanceKlass com/sun/source/tree/TypeCastTree
instanceKlass com/sun/source/tree/BinaryTree
instanceKlass com/sun/source/tree/UnaryTree
instanceKlass com/sun/source/tree/NewArrayTree
instanceKlass com/sun/source/tree/AssertTree
instanceKlass com/sun/source/tree/ThrowTree
instanceKlass com/sun/source/tree/ReturnTree
instanceKlass com/sun/source/tree/ContinueTree
instanceKlass com/sun/source/tree/BreakTree
instanceKlass com/sun/source/tree/IfTree
instanceKlass com/sun/source/tree/CatchTree
instanceKlass com/sun/source/tree/TryTree
instanceKlass com/sun/source/tree/CaseTree
instanceKlass com/sun/source/tree/BlockTree
instanceKlass com/sun/source/tree/ImportTree
instanceKlass com/sun/source/tree/SwitchTree
instanceKlass com/sun/source/tree/WhileLoopTree
instanceKlass com/sun/source/tree/ForLoopTree
instanceKlass com/sun/source/tree/WildcardTree
instanceKlass com/sun/tools/javac/api/Formattable$LocalizedString
instanceKlass com/sun/tools/javac/api/Formattable
instanceKlass com/sun/tools/javac/comp/Resolve$7
instanceKlass com/sun/tools/javac/comp/Resolve$6
instanceKlass com/sun/tools/javac/comp/Attr$ResultInfo
instanceKlass com/sun/tools/javac/comp/Resolve$AbstractMethodCheck
instanceKlass com/sun/tools/javac/comp/Resolve$2
instanceKlass com/sun/tools/javac/comp/Resolve$LookupHelper
instanceKlass com/sun/tools/javac/comp/Resolve$LogResolveHelper
instanceKlass com/sun/tools/javac/comp/Resolve$MethodCheck
instanceKlass com/sun/tools/javac/comp/Resolve
instanceKlass com/sun/tools/javac/comp/Check$6
instanceKlass com/sun/tools/javac/comp/Check$1
instanceKlass com/sun/source/tree/AnnotationTree
instanceKlass com/sun/tools/javac/tree/JCTree$Visitor
instanceKlass com/sun/tools/javac/util/Warner
instanceKlass com/sun/tools/javac/code/DeferredLintHandler$LintLogger
instanceKlass com/sun/source/tree/MethodTree
instanceKlass com/sun/source/tree/NewClassTree
instanceKlass com/sun/tools/javac/comp/Infer$FreeTypeListener
instanceKlass com/sun/tools/javac/comp/Check$CheckContext
instanceKlass com/sun/tools/javac/comp/Check
instanceKlass com/sun/tools/javac/code/Types$ImplementationCache
instanceKlass com/sun/tools/javac/code/Types$3
instanceKlass com/sun/tools/javac/util/JCDiagnostic
instanceKlass com/sun/tools/javac/code/Types$DescriptorCache$FunctionDescriptor
instanceKlass com/sun/tools/javac/code/Types$DescriptorCache
instanceKlass com/sun/tools/javac/code/Scope$ScopeListener
instanceKlass javax/lang/model/type/IntersectionType
instanceKlass com/sun/tools/javac/code/Type$Mapping
instanceKlass com/sun/tools/javac/code/Types$DefaultTypeVisitor
instanceKlass com/sun/tools/javac/code/Types
instanceKlass com/sun/tools/javac/code/Symtab$2
instanceKlass com/sun/tools/javac/code/Symtab$1
instanceKlass com/sun/tools/javac/code/Symbol$MethodSymbol$2
instanceKlass com/sun/tools/javac/code/Scope$2
instanceKlass com/sun/tools/javac/code/Scope$Entry
instanceKlass com/sun/tools/javac/util/Filter
instanceKlass com/sun/tools/javac/util/Assert
instanceKlass java/lang/annotation/Repeatable
instanceKlass javax/lang/model/type/NullType
instanceKlass com/sun/tools/javac/code/Symtab
instanceKlass com/sun/tools/javac/jvm/ClassReader$1
instanceKlass com/sun/tools/javac/code/Attribute
instanceKlass javax/lang/model/element/AnnotationValue
instanceKlass com/sun/tools/javac/comp/Annotate$Worker
instanceKlass javax/lang/model/type/NoType
instanceKlass javax/lang/model/type/ExecutableType
instanceKlass com/sun/tools/javac/code/Scope
instanceKlass com/sun/tools/javac/code/Symbol$Completer
instanceKlass com/sun/tools/javac/jvm/ClassReader
instanceKlass com/sun/tools/javac/util/Convert
instanceKlass com/sun/tools/javac/util/Name
instanceKlass javax/lang/model/element/Name
instanceKlass com/sun/tools/javac/util/Name$Table
instanceKlass com/sun/tools/javac/util/Names
instanceKlass com/sun/tools/javac/main/JavaCompiler$1
instanceKlass com/sun/source/tree/ClassTree
instanceKlass com/sun/source/tree/StatementTree
instanceKlass com/sun/source/tree/MemberSelectTree
instanceKlass com/sun/source/tree/IdentifierTree
instanceKlass javax/lang/model/element/PackageElement
instanceKlass javax/lang/model/element/TypeElement
instanceKlass javax/lang/model/element/QualifiedNameable
instanceKlass com/sun/source/tree/CompilationUnitTree
instanceKlass com/sun/tools/javac/jvm/ClassReader$SourceCompleter
instanceKlass com/sun/tools/javac/main/JavaCompiler
